2019-08-28 17:04:00 Error: [PDOException] SQLSTATE[HY000] [2002] Aucune connexion n’a pu être établie car l’ordinateur cible l’a expressément refusée.
 in C:\UniServerZ\www\cakecmstutov0.1.1\vendor\cakephp\cakephp\src\Database\Driver.php on line 92
Stack Trace:
#0 C:\UniServerZ\www\cakecmstutov0.1.1\vendor\cakephp\cakephp\src\Database\Driver.php(92): PDO->__construct('mysql:host=loca...', 'root', 'root', Array)
#1 C:\UniServerZ\www\cakecmstutov0.1.1\vendor\cakephp\cakephp\src\Database\Driver\Mysql.php(106): Cake\Database\Driver->_connect('mysql:host=loca...', Array)
#2 C:\UniServerZ\www\cakecmstutov0.1.1\vendor\cakephp\cakephp\src\Database\Schema\BaseSchema.php(45): Cake\Database\Driver\Mysql->connect()
#3 C:\UniServerZ\www\cakecmstutov0.1.1\vendor\cakephp\cakephp\src\Database\Dialect\MysqlDialectTrait.php(63): Cake\Database\Schema\BaseSchema->__construct(Object(Cake\Database\Driver\Mysql))
#4 C:\UniServerZ\www\cakecmstutov0.1.1\vendor\cakephp\cakephp\src\Database\Schema\Collection.php(52): Cake\Database\Driver\Mysql->schemaDialect()
#5 C:\UniServerZ\www\cakecmstutov0.1.1\vendor\cakephp\cakephp\src\Database\Schema\CachedCollection.php(42): Cake\Database\Schema\Collection->__construct(Object(Cake\Database\Connection))
#6 C:\UniServerZ\www\cakecmstutov0.1.1\vendor\cakephp\cakephp\src\Database\Connection.php(391): Cake\Database\Schema\CachedCollection->__construct(Object(Cake\Database\Connection), true)
#7 C:\UniServerZ\www\cakecmstutov0.1.1\vendor\cakephp\bake\src\Shell\Task\ModelTask.php(1095): Cake\Database\Connection->getSchemaCollection()
#8 C:\UniServerZ\www\cakecmstutov0.1.1\vendor\cakephp\bake\src\Shell\Task\ModelTask.php(1049): Bake\Shell\Task\ModelTask->_getAllTables()
#9 C:\UniServerZ\www\cakecmstutov0.1.1\vendor\cakephp\bake\src\Shell\Task\ModelTask.php(213): Bake\Shell\Task\ModelTask->listAll()
#10 C:\UniServerZ\www\cakecmstutov0.1.1\vendor\cakephp\bake\src\Shell\Task\ModelTask.php(131): Bake\Shell\Task\ModelTask->getAssociations(Object(Cake\ORM\Table))
#11 C:\UniServerZ\www\cakecmstutov0.1.1\vendor\cakephp\bake\src\Shell\Task\ModelTask.php(114): Bake\Shell\Task\ModelTask->getTableContext(Object(Cake\ORM\Table), 'users', 'Users')
#12 C:\UniServerZ\www\cakecmstutov0.1.1\vendor\cakephp\bake\src\Shell\Task\ModelTask.php(101): Bake\Shell\Task\ModelTask->bake('Users')
#13 C:\UniServerZ\www\cakecmstutov0.1.1\vendor\cakephp\cakephp\src\Console\Shell.php(532): Bake\Shell\Task\ModelTask->main('users')
#14 C:\UniServerZ\www\cakecmstutov0.1.1\vendor\cakephp\cakephp\src\Console\Shell.php(525): Cake\Console\Shell->runCommand(Array, false, Array)
#15 C:\UniServerZ\www\cakecmstutov0.1.1\vendor\cakephp\cakephp\src\Console\CommandRunner.php(384): Cake\Console\Shell->runCommand(Array, true)
#16 C:\UniServerZ\www\cakecmstutov0.1.1\vendor\cakephp\cakephp\src\Console\CommandRunner.php(162): Cake\Console\CommandRunner->runShell(Object(Bake\Shell\BakeShell), Array)
#17 C:\UniServerZ\www\cakecmstutov0.1.1\bin\cake.php(12): Cake\Console\CommandRunner->run(Array)
#18 {main}


2019-08-28 17:07:38 Error: [PDOException] SQLSTATE[HY000] [2002] Aucune connexion n’a pu être établie car l’ordinateur cible l’a expressément refusée.
 in C:\UniServerZ\www\cakecmstutov0.1.1\vendor\cakephp\cakephp\src\Database\Driver.php on line 92
Stack Trace:
#0 C:\UniServerZ\www\cakecmstutov0.1.1\vendor\cakephp\cakephp\src\Database\Driver.php(92): PDO->__construct('mysql:host=loca...', 'root', 'root', Array)
#1 C:\UniServerZ\www\cakecmstutov0.1.1\vendor\cakephp\cakephp\src\Database\Driver\Mysql.php(106): Cake\Database\Driver->_connect('mysql:host=loca...', Array)
#2 C:\UniServerZ\www\cakecmstutov0.1.1\vendor\cakephp\cakephp\src\Database\Schema\BaseSchema.php(45): Cake\Database\Driver\Mysql->connect()
#3 C:\UniServerZ\www\cakecmstutov0.1.1\vendor\cakephp\cakephp\src\Database\Dialect\MysqlDialectTrait.php(63): Cake\Database\Schema\BaseSchema->__construct(Object(Cake\Database\Driver\Mysql))
#4 C:\UniServerZ\www\cakecmstutov0.1.1\vendor\cakephp\cakephp\src\Database\Schema\Collection.php(52): Cake\Database\Driver\Mysql->schemaDialect()
#5 C:\UniServerZ\www\cakecmstutov0.1.1\vendor\cakephp\cakephp\src\Database\Schema\CachedCollection.php(42): Cake\Database\Schema\Collection->__construct(Object(Cake\Database\Connection))
#6 C:\UniServerZ\www\cakecmstutov0.1.1\vendor\cakephp\cakephp\src\Database\Connection.php(391): Cake\Database\Schema\CachedCollection->__construct(Object(Cake\Database\Connection), true)
#7 C:\UniServerZ\www\cakecmstutov0.1.1\vendor\cakephp\cakephp\src\ORM\Table.php(559): Cake\Database\Connection->getSchemaCollection()
#8 C:\UniServerZ\www\cakecmstutov0.1.1\vendor\cakephp\cakephp\src\ORM\Table.php(685): Cake\ORM\Table->getSchema()
#9 C:\UniServerZ\www\cakecmstutov0.1.1\vendor\cakephp\bake\src\Shell\Task\TemplateTask.php(288): Cake\ORM\Table->getPrimaryKey()
#10 C:\UniServerZ\www\cakecmstutov0.1.1\vendor\cakephp\bake\src\Shell\Task\TemplateTask.php(142): Bake\Shell\Task\TemplateTask->_loadController()
#11 C:\UniServerZ\www\cakecmstutov0.1.1\vendor\cakephp\cakephp\src\Console\Shell.php(532): Bake\Shell\Task\TemplateTask->main('users')
#12 C:\UniServerZ\www\cakecmstutov0.1.1\vendor\cakephp\cakephp\src\Console\Shell.php(525): Cake\Console\Shell->runCommand(Array, false, Array)
#13 C:\UniServerZ\www\cakecmstutov0.1.1\vendor\cakephp\cakephp\src\Console\CommandRunner.php(384): Cake\Console\Shell->runCommand(Array, true)
#14 C:\UniServerZ\www\cakecmstutov0.1.1\vendor\cakephp\cakephp\src\Console\CommandRunner.php(162): Cake\Console\CommandRunner->runShell(Object(Bake\Shell\BakeShell), Array)
#15 C:\UniServerZ\www\cakecmstutov0.1.1\bin\cake.php(12): Cake\Console\CommandRunner->run(Array)
#16 {main}


2019-08-28 17:07:49 Error: [PDOException] SQLSTATE[HY000] [2002] Aucune connexion n’a pu être établie car l’ordinateur cible l’a expressément refusée.
 in C:\UniServerZ\www\cakecmstutov0.1.1\vendor\cakephp\cakephp\src\Database\Driver.php on line 92
Stack Trace:
#0 C:\UniServerZ\www\cakecmstutov0.1.1\vendor\cakephp\cakephp\src\Database\Driver.php(92): PDO->__construct('mysql:host=loca...', 'root', 'root', Array)
#1 C:\UniServerZ\www\cakecmstutov0.1.1\vendor\cakephp\cakephp\src\Database\Driver\Mysql.php(106): Cake\Database\Driver->_connect('mysql:host=loca...', Array)
#2 C:\UniServerZ\www\cakecmstutov0.1.1\vendor\cakephp\cakephp\src\Database\Schema\BaseSchema.php(45): Cake\Database\Driver\Mysql->connect()
#3 C:\UniServerZ\www\cakecmstutov0.1.1\vendor\cakephp\cakephp\src\Database\Dialect\MysqlDialectTrait.php(63): Cake\Database\Schema\BaseSchema->__construct(Object(Cake\Database\Driver\Mysql))
#4 C:\UniServerZ\www\cakecmstutov0.1.1\vendor\cakephp\cakephp\src\Database\Schema\Collection.php(52): Cake\Database\Driver\Mysql->schemaDialect()
#5 C:\UniServerZ\www\cakecmstutov0.1.1\vendor\cakephp\cakephp\src\Database\Schema\CachedCollection.php(42): Cake\Database\Schema\Collection->__construct(Object(Cake\Database\Connection))
#6 C:\UniServerZ\www\cakecmstutov0.1.1\vendor\cakephp\cakephp\src\Database\Connection.php(391): Cake\Database\Schema\CachedCollection->__construct(Object(Cake\Database\Connection), true)
#7 C:\UniServerZ\www\cakecmstutov0.1.1\vendor\cakephp\bake\src\Shell\Task\ModelTask.php(1095): Cake\Database\Connection->getSchemaCollection()
#8 C:\UniServerZ\www\cakecmstutov0.1.1\vendor\cakephp\bake\src\Shell\Task\ModelTask.php(1049): Bake\Shell\Task\ModelTask->_getAllTables()
#9 C:\UniServerZ\www\cakecmstutov0.1.1\vendor\cakephp\bake\src\Shell\Task\ModelTask.php(213): Bake\Shell\Task\ModelTask->listAll()
#10 C:\UniServerZ\www\cakecmstutov0.1.1\vendor\cakephp\bake\src\Shell\Task\ModelTask.php(131): Bake\Shell\Task\ModelTask->getAssociations(Object(Cake\ORM\Table))
#11 C:\UniServerZ\www\cakecmstutov0.1.1\vendor\cakephp\bake\src\Shell\Task\ModelTask.php(114): Bake\Shell\Task\ModelTask->getTableContext(Object(Cake\ORM\Table), 'tags', 'Tags')
#12 C:\UniServerZ\www\cakecmstutov0.1.1\vendor\cakephp\bake\src\Shell\Task\ModelTask.php(101): Bake\Shell\Task\ModelTask->bake('Tags')
#13 C:\UniServerZ\www\cakecmstutov0.1.1\vendor\cakephp\bake\src\Shell\BakeShell.php(279): Bake\Shell\Task\ModelTask->main('Tags')
#14 C:\UniServerZ\www\cakecmstutov0.1.1\vendor\cakephp\cakephp\src\Collection\CollectionTrait.php(65): Bake\Shell\BakeShell->Bake\Shell\{closure}('Tags', 0)
#15 C:\UniServerZ\www\cakecmstutov0.1.1\vendor\cakephp\bake\src\Shell\BakeShell.php(280): Cake\Collection\Collection->each(Object(Closure))
#16 C:\UniServerZ\www\cakecmstutov0.1.1\vendor\cakephp\cakephp\src\Console\Shell.php(518): Bake\Shell\BakeShell->all('tags')
#17 C:\UniServerZ\www\cakecmstutov0.1.1\vendor\cakephp\cakephp\src\Console\CommandRunner.php(384): Cake\Console\Shell->runCommand(Array, true)
#18 C:\UniServerZ\www\cakecmstutov0.1.1\vendor\cakephp\cakephp\src\Console\CommandRunner.php(162): Cake\Console\CommandRunner->runShell(Object(Bake\Shell\BakeShell), Array)
#19 C:\UniServerZ\www\cakecmstutov0.1.1\bin\cake.php(12): Cake\Console\CommandRunner->run(Array)
#20 {main}


2019-09-04 15:20:49 Error: [PDOException] SQLSTATE[HY000] [1049] Unknown database 'menu_resto' in C:\UniServerZ\www\phptp1\vendor\cakephp\cakephp\src\Database\Driver.php on line 92
Stack Trace:
#0 C:\UniServerZ\www\phptp1\vendor\cakephp\cakephp\src\Database\Driver.php(92): PDO->__construct('mysql:host=loca...', 'root', 'root', Array)
#1 C:\UniServerZ\www\phptp1\vendor\cakephp\cakephp\src\Database\Driver\Mysql.php(106): Cake\Database\Driver->_connect('mysql:host=loca...', Array)
#2 C:\UniServerZ\www\phptp1\vendor\cakephp\cakephp\src\Database\Schema\BaseSchema.php(45): Cake\Database\Driver\Mysql->connect()
#3 C:\UniServerZ\www\phptp1\vendor\cakephp\cakephp\src\Database\Dialect\MysqlDialectTrait.php(63): Cake\Database\Schema\BaseSchema->__construct(Object(Cake\Database\Driver\Mysql))
#4 C:\UniServerZ\www\phptp1\vendor\cakephp\cakephp\src\Database\Schema\Collection.php(52): Cake\Database\Driver\Mysql->schemaDialect()
#5 C:\UniServerZ\www\phptp1\vendor\cakephp\cakephp\src\Database\Schema\CachedCollection.php(42): Cake\Database\Schema\Collection->__construct(Object(Cake\Database\Connection))
#6 C:\UniServerZ\www\phptp1\vendor\cakephp\cakephp\src\Database\Connection.php(391): Cake\Database\Schema\CachedCollection->__construct(Object(Cake\Database\Connection), true)
#7 C:\UniServerZ\www\phptp1\vendor\cakephp\bake\src\Shell\Task\ModelTask.php(1095): Cake\Database\Connection->getSchemaCollection()
#8 C:\UniServerZ\www\phptp1\vendor\cakephp\bake\src\Shell\Task\ModelTask.php(1049): Bake\Shell\Task\ModelTask->_getAllTables()
#9 C:\UniServerZ\www\phptp1\vendor\cakephp\bake\src\Shell\Task\ModelTask.php(213): Bake\Shell\Task\ModelTask->listAll()
#10 C:\UniServerZ\www\phptp1\vendor\cakephp\bake\src\Shell\Task\ModelTask.php(131): Bake\Shell\Task\ModelTask->getAssociations(Object(Cake\ORM\Table))
#11 C:\UniServerZ\www\phptp1\vendor\cakephp\bake\src\Shell\Task\ModelTask.php(114): Bake\Shell\Task\ModelTask->getTableContext(Object(Cake\ORM\Table), 'users', 'Users')
#12 C:\UniServerZ\www\phptp1\vendor\cakephp\bake\src\Shell\Task\ModelTask.php(101): Bake\Shell\Task\ModelTask->bake('Users')
#13 C:\UniServerZ\www\phptp1\vendor\cakephp\bake\src\Shell\BakeShell.php(279): Bake\Shell\Task\ModelTask->main('Users')
#14 C:\UniServerZ\www\phptp1\vendor\cakephp\cakephp\src\Collection\CollectionTrait.php(65): Bake\Shell\BakeShell->Bake\Shell\{closure}('Users', 0)
#15 C:\UniServerZ\www\phptp1\vendor\cakephp\bake\src\Shell\BakeShell.php(280): Cake\Collection\Collection->each(Object(Closure))
#16 C:\UniServerZ\www\phptp1\vendor\cakephp\cakephp\src\Console\Shell.php(518): Bake\Shell\BakeShell->all('users')
#17 C:\UniServerZ\www\phptp1\vendor\cakephp\cakephp\src\Console\CommandRunner.php(384): Cake\Console\Shell->runCommand(Array, true)
#18 C:\UniServerZ\www\phptp1\vendor\cakephp\cakephp\src\Console\CommandRunner.php(162): Cake\Console\CommandRunner->runShell(Object(Bake\Shell\BakeShell), Array)
#19 C:\UniServerZ\www\phptp1\bin\cake.php(12): Cake\Console\CommandRunner->run(Array)
#20 {main}


2019-09-04 15:21:42 Error: [PDOException] SQLSTATE[HY000] [1049] Unknown database 'menu_resto' in C:\UniServerZ\www\phptp1\vendor\cakephp\cakephp\src\Database\Driver.php on line 92
Stack Trace:
#0 C:\UniServerZ\www\phptp1\vendor\cakephp\cakephp\src\Database\Driver.php(92): PDO->__construct('mysql:host=loca...', 'root', 'root', Array)
#1 C:\UniServerZ\www\phptp1\vendor\cakephp\cakephp\src\Database\Driver\Mysql.php(106): Cake\Database\Driver->_connect('mysql:host=loca...', Array)
#2 C:\UniServerZ\www\phptp1\vendor\cakephp\cakephp\src\Database\Schema\BaseSchema.php(45): Cake\Database\Driver\Mysql->connect()
#3 C:\UniServerZ\www\phptp1\vendor\cakephp\cakephp\src\Database\Dialect\MysqlDialectTrait.php(63): Cake\Database\Schema\BaseSchema->__construct(Object(Cake\Database\Driver\Mysql))
#4 C:\UniServerZ\www\phptp1\vendor\cakephp\cakephp\src\Database\Schema\Collection.php(52): Cake\Database\Driver\Mysql->schemaDialect()
#5 C:\UniServerZ\www\phptp1\vendor\cakephp\cakephp\src\Database\Schema\CachedCollection.php(42): Cake\Database\Schema\Collection->__construct(Object(Cake\Database\Connection))
#6 C:\UniServerZ\www\phptp1\vendor\cakephp\cakephp\src\Database\Connection.php(391): Cake\Database\Schema\CachedCollection->__construct(Object(Cake\Database\Connection), true)
#7 C:\UniServerZ\www\phptp1\vendor\cakephp\bake\src\Shell\Task\ModelTask.php(1095): Cake\Database\Connection->getSchemaCollection()
#8 C:\UniServerZ\www\phptp1\vendor\cakephp\bake\src\Shell\Task\ModelTask.php(1049): Bake\Shell\Task\ModelTask->_getAllTables()
#9 C:\UniServerZ\www\phptp1\vendor\cakephp\bake\src\Shell\Task\ModelTask.php(213): Bake\Shell\Task\ModelTask->listAll()
#10 C:\UniServerZ\www\phptp1\vendor\cakephp\bake\src\Shell\Task\ModelTask.php(131): Bake\Shell\Task\ModelTask->getAssociations(Object(Cake\ORM\Table))
#11 C:\UniServerZ\www\phptp1\vendor\cakephp\bake\src\Shell\Task\ModelTask.php(114): Bake\Shell\Task\ModelTask->getTableContext(Object(Cake\ORM\Table), 'users', 'Users')
#12 C:\UniServerZ\www\phptp1\vendor\cakephp\bake\src\Shell\Task\ModelTask.php(101): Bake\Shell\Task\ModelTask->bake('Users')
#13 C:\UniServerZ\www\phptp1\vendor\cakephp\bake\src\Shell\BakeShell.php(279): Bake\Shell\Task\ModelTask->main('Users')
#14 C:\UniServerZ\www\phptp1\vendor\cakephp\cakephp\src\Collection\CollectionTrait.php(65): Bake\Shell\BakeShell->Bake\Shell\{closure}('Users', 0)
#15 C:\UniServerZ\www\phptp1\vendor\cakephp\bake\src\Shell\BakeShell.php(280): Cake\Collection\Collection->each(Object(Closure))
#16 C:\UniServerZ\www\phptp1\vendor\cakephp\cakephp\src\Console\Shell.php(518): Bake\Shell\BakeShell->all('users')
#17 C:\UniServerZ\www\phptp1\vendor\cakephp\cakephp\src\Console\CommandRunner.php(384): Cake\Console\Shell->runCommand(Array, true)
#18 C:\UniServerZ\www\phptp1\vendor\cakephp\cakephp\src\Console\CommandRunner.php(162): Cake\Console\CommandRunner->runShell(Object(Bake\Shell\BakeShell), Array)
#19 C:\UniServerZ\www\phptp1\bin\cake.php(12): Cake\Console\CommandRunner->run(Array)
#20 {main}


2019-09-04 15:21:54 Error: [PDOException] SQLSTATE[HY000] [1049] Unknown database 'menu_resto' in C:\UniServerZ\www\phptp1\vendor\cakephp\cakephp\src\Database\Driver.php on line 92
Stack Trace:
#0 C:\UniServerZ\www\phptp1\vendor\cakephp\cakephp\src\Database\Driver.php(92): PDO->__construct('mysql:host=loca...', 'root', 'root', Array)
#1 C:\UniServerZ\www\phptp1\vendor\cakephp\cakephp\src\Database\Driver\Mysql.php(106): Cake\Database\Driver->_connect('mysql:host=loca...', Array)
#2 C:\UniServerZ\www\phptp1\vendor\cakephp\cakephp\src\Database\Schema\BaseSchema.php(45): Cake\Database\Driver\Mysql->connect()
#3 C:\UniServerZ\www\phptp1\vendor\cakephp\cakephp\src\Database\Dialect\MysqlDialectTrait.php(63): Cake\Database\Schema\BaseSchema->__construct(Object(Cake\Database\Driver\Mysql))
#4 C:\UniServerZ\www\phptp1\vendor\cakephp\cakephp\src\Database\Schema\Collection.php(52): Cake\Database\Driver\Mysql->schemaDialect()
#5 C:\UniServerZ\www\phptp1\vendor\cakephp\cakephp\src\Database\Schema\CachedCollection.php(42): Cake\Database\Schema\Collection->__construct(Object(Cake\Database\Connection))
#6 C:\UniServerZ\www\phptp1\vendor\cakephp\cakephp\src\Database\Connection.php(391): Cake\Database\Schema\CachedCollection->__construct(Object(Cake\Database\Connection), true)
#7 C:\UniServerZ\www\phptp1\vendor\cakephp\bake\src\Shell\Task\ModelTask.php(1095): Cake\Database\Connection->getSchemaCollection()
#8 C:\UniServerZ\www\phptp1\vendor\cakephp\bake\src\Shell\Task\ModelTask.php(1049): Bake\Shell\Task\ModelTask->_getAllTables()
#9 C:\UniServerZ\www\phptp1\vendor\cakephp\bake\src\Shell\Task\ModelTask.php(213): Bake\Shell\Task\ModelTask->listAll()
#10 C:\UniServerZ\www\phptp1\vendor\cakephp\bake\src\Shell\Task\ModelTask.php(131): Bake\Shell\Task\ModelTask->getAssociations(Object(Cake\ORM\Table))
#11 C:\UniServerZ\www\phptp1\vendor\cakephp\bake\src\Shell\Task\ModelTask.php(114): Bake\Shell\Task\ModelTask->getTableContext(Object(Cake\ORM\Table), 'users', 'Users')
#12 C:\UniServerZ\www\phptp1\vendor\cakephp\bake\src\Shell\Task\ModelTask.php(101): Bake\Shell\Task\ModelTask->bake('Users')
#13 C:\UniServerZ\www\phptp1\vendor\cakephp\bake\src\Shell\BakeShell.php(279): Bake\Shell\Task\ModelTask->main('Users')
#14 C:\UniServerZ\www\phptp1\vendor\cakephp\cakephp\src\Collection\CollectionTrait.php(65): Bake\Shell\BakeShell->Bake\Shell\{closure}('Users', 0)
#15 C:\UniServerZ\www\phptp1\vendor\cakephp\bake\src\Shell\BakeShell.php(280): Cake\Collection\Collection->each(Object(Closure))
#16 C:\UniServerZ\www\phptp1\vendor\cakephp\cakephp\src\Console\Shell.php(518): Bake\Shell\BakeShell->all('users')
#17 C:\UniServerZ\www\phptp1\vendor\cakephp\cakephp\src\Console\CommandRunner.php(384): Cake\Console\Shell->runCommand(Array, true)
#18 C:\UniServerZ\www\phptp1\vendor\cakephp\cakephp\src\Console\CommandRunner.php(162): Cake\Console\CommandRunner->runShell(Object(Bake\Shell\BakeShell), Array)
#19 C:\UniServerZ\www\phptp1\bin\cake.php(12): Cake\Console\CommandRunner->run(Array)
#20 {main}


2019-10-15 20:37:47 Error: [PDOException] SQLSTATE[HY000] [2002] No connection could be made because the target machine actively refused it.
 in F:\uniserver\UniServerZ\www\phptp1\vendor\cakephp\cakephp\src\Database\Driver.php on line 92
Stack Trace:
#0 F:\uniserver\UniServerZ\www\phptp1\vendor\cakephp\cakephp\src\Database\Driver.php(92): PDO->__construct('mysql:host=loca...', 'root', 'root', Array)
#1 F:\uniserver\UniServerZ\www\phptp1\vendor\cakephp\cakephp\src\Database\Driver\Mysql.php(106): Cake\Database\Driver->_connect('mysql:host=loca...', Array)
#2 F:\uniserver\UniServerZ\www\phptp1\vendor\cakephp\cakephp\src\Database\Schema\BaseSchema.php(45): Cake\Database\Driver\Mysql->connect()
#3 F:\uniserver\UniServerZ\www\phptp1\vendor\cakephp\cakephp\src\Database\Dialect\MysqlDialectTrait.php(63): Cake\Database\Schema\BaseSchema->__construct(Object(Cake\Database\Driver\Mysql))
#4 F:\uniserver\UniServerZ\www\phptp1\vendor\cakephp\cakephp\src\Database\Schema\Collection.php(52): Cake\Database\Driver\Mysql->schemaDialect()
#5 F:\uniserver\UniServerZ\www\phptp1\vendor\cakephp\cakephp\src\Database\Schema\CachedCollection.php(42): Cake\Database\Schema\Collection->__construct(Object(Cake\Database\Connection))
#6 F:\uniserver\UniServerZ\www\phptp1\vendor\cakephp\cakephp\src\Database\Connection.php(391): Cake\Database\Schema\CachedCollection->__construct(Object(Cake\Database\Connection), true)
#7 F:\uniserver\UniServerZ\www\phptp1\vendor\cakephp\bake\src\Shell\Task\ModelTask.php(1095): Cake\Database\Connection->getSchemaCollection()
#8 F:\uniserver\UniServerZ\www\phptp1\vendor\cakephp\bake\src\Shell\Task\ModelTask.php(1049): Bake\Shell\Task\ModelTask->_getAllTables()
#9 F:\uniserver\UniServerZ\www\phptp1\vendor\cakephp\bake\src\Shell\Task\ModelTask.php(1064): Bake\Shell\Task\ModelTask->listAll()
#10 F:\uniserver\UniServerZ\www\phptp1\vendor\cakephp\bake\src\Shell\BakeShell.php(258): Bake\Shell\Task\ModelTask->listUnskipped()
#11 F:\uniserver\UniServerZ\www\phptp1\vendor\cakephp\cakephp\src\Console\Shell.php(518): Bake\Shell\BakeShell->all()
#12 F:\uniserver\UniServerZ\www\phptp1\vendor\cakephp\cakephp\src\Console\CommandRunner.php(384): Cake\Console\Shell->runCommand(Array, true)
#13 F:\uniserver\UniServerZ\www\phptp1\vendor\cakephp\cakephp\src\Console\CommandRunner.php(162): Cake\Console\CommandRunner->runShell(Object(Bake\Shell\BakeShell), Array)
#14 F:\uniserver\UniServerZ\www\phptp1\bin\cake.php(12): Cake\Console\CommandRunner->run(Array)
#15 {main}


2019-10-15 20:39:17 Error: [PDOException] SQLSTATE[HY000] [2002] No connection could be made because the target machine actively refused it.
 in F:\uniserver\UniServerZ\www\phptp1\vendor\cakephp\cakephp\src\Database\Driver.php on line 92
Stack Trace:
#0 F:\uniserver\UniServerZ\www\phptp1\vendor\cakephp\cakephp\src\Database\Driver.php(92): PDO->__construct('mysql:host=loca...', 'root', 'root', Array)
#1 F:\uniserver\UniServerZ\www\phptp1\vendor\cakephp\cakephp\src\Database\Driver\Mysql.php(106): Cake\Database\Driver->_connect('mysql:host=loca...', Array)
#2 F:\uniserver\UniServerZ\www\phptp1\vendor\cakephp\cakephp\src\Database\Schema\BaseSchema.php(45): Cake\Database\Driver\Mysql->connect()
#3 F:\uniserver\UniServerZ\www\phptp1\vendor\cakephp\cakephp\src\Database\Dialect\MysqlDialectTrait.php(63): Cake\Database\Schema\BaseSchema->__construct(Object(Cake\Database\Driver\Mysql))
#4 F:\uniserver\UniServerZ\www\phptp1\vendor\cakephp\cakephp\src\Database\Schema\Collection.php(52): Cake\Database\Driver\Mysql->schemaDialect()
#5 F:\uniserver\UniServerZ\www\phptp1\vendor\cakephp\cakephp\src\Database\Schema\CachedCollection.php(42): Cake\Database\Schema\Collection->__construct(Object(Cake\Database\Connection))
#6 F:\uniserver\UniServerZ\www\phptp1\vendor\cakephp\cakephp\src\Database\Connection.php(391): Cake\Database\Schema\CachedCollection->__construct(Object(Cake\Database\Connection), true)
#7 F:\uniserver\UniServerZ\www\phptp1\vendor\cakephp\bake\src\Shell\Task\ModelTask.php(1095): Cake\Database\Connection->getSchemaCollection()
#8 F:\uniserver\UniServerZ\www\phptp1\vendor\cakephp\bake\src\Shell\Task\ModelTask.php(1049): Bake\Shell\Task\ModelTask->_getAllTables()
#9 F:\uniserver\UniServerZ\www\phptp1\vendor\cakephp\bake\src\Shell\Task\ModelTask.php(1064): Bake\Shell\Task\ModelTask->listAll()
#10 F:\uniserver\UniServerZ\www\phptp1\vendor\cakephp\bake\src\Shell\BakeShell.php(258): Bake\Shell\Task\ModelTask->listUnskipped()
#11 F:\uniserver\UniServerZ\www\phptp1\vendor\cakephp\cakephp\src\Console\Shell.php(518): Bake\Shell\BakeShell->all()
#12 F:\uniserver\UniServerZ\www\phptp1\vendor\cakephp\cakephp\src\Console\CommandRunner.php(384): Cake\Console\Shell->runCommand(Array, true)
#13 F:\uniserver\UniServerZ\www\phptp1\vendor\cakephp\cakephp\src\Console\CommandRunner.php(162): Cake\Console\CommandRunner->runShell(Object(Bake\Shell\BakeShell), Array)
#14 F:\uniserver\UniServerZ\www\phptp1\bin\cake.php(12): Cake\Console\CommandRunner->run(Array)
#15 {main}


2019-10-15 20:39:45 Error: [PDOException] SQLSTATE[HY000] [2002] No connection could be made because the target machine actively refused it.
 in F:\uniserver\UniServerZ\www\phptp1\vendor\cakephp\cakephp\src\Database\Driver.php on line 92
Stack Trace:
#0 F:\uniserver\UniServerZ\www\phptp1\vendor\cakephp\cakephp\src\Database\Driver.php(92): PDO->__construct('mysql:host=loca...', 'root', 'root', Array)
#1 F:\uniserver\UniServerZ\www\phptp1\vendor\cakephp\cakephp\src\Database\Driver\Mysql.php(106): Cake\Database\Driver->_connect('mysql:host=loca...', Array)
#2 F:\uniserver\UniServerZ\www\phptp1\vendor\cakephp\cakephp\src\Database\Schema\BaseSchema.php(45): Cake\Database\Driver\Mysql->connect()
#3 F:\uniserver\UniServerZ\www\phptp1\vendor\cakephp\cakephp\src\Database\Dialect\MysqlDialectTrait.php(63): Cake\Database\Schema\BaseSchema->__construct(Object(Cake\Database\Driver\Mysql))
#4 F:\uniserver\UniServerZ\www\phptp1\vendor\cakephp\cakephp\src\Database\Schema\Collection.php(52): Cake\Database\Driver\Mysql->schemaDialect()
#5 F:\uniserver\UniServerZ\www\phptp1\vendor\cakephp\cakephp\src\Database\Schema\CachedCollection.php(42): Cake\Database\Schema\Collection->__construct(Object(Cake\Database\Connection))
#6 F:\uniserver\UniServerZ\www\phptp1\vendor\cakephp\cakephp\src\Database\Connection.php(391): Cake\Database\Schema\CachedCollection->__construct(Object(Cake\Database\Connection), true)
#7 F:\uniserver\UniServerZ\www\phptp1\vendor\cakephp\bake\src\Shell\Task\ModelTask.php(1095): Cake\Database\Connection->getSchemaCollection()
#8 F:\uniserver\UniServerZ\www\phptp1\vendor\cakephp\bake\src\Shell\Task\ModelTask.php(1049): Bake\Shell\Task\ModelTask->_getAllTables()
#9 F:\uniserver\UniServerZ\www\phptp1\vendor\cakephp\bake\src\Shell\Task\ModelTask.php(1064): Bake\Shell\Task\ModelTask->listAll()
#10 F:\uniserver\UniServerZ\www\phptp1\vendor\cakephp\bake\src\Shell\BakeShell.php(258): Bake\Shell\Task\ModelTask->listUnskipped()
#11 F:\uniserver\UniServerZ\www\phptp1\vendor\cakephp\cakephp\src\Console\Shell.php(518): Bake\Shell\BakeShell->all()
#12 F:\uniserver\UniServerZ\www\phptp1\vendor\cakephp\cakephp\src\Console\CommandRunner.php(384): Cake\Console\Shell->runCommand(Array, true)
#13 F:\uniserver\UniServerZ\www\phptp1\vendor\cakephp\cakephp\src\Console\CommandRunner.php(162): Cake\Console\CommandRunner->runShell(Object(Bake\Shell\BakeShell), Array)
#14 F:\uniserver\UniServerZ\www\phptp1\bin\cake.php(12): Cake\Console\CommandRunner->run(Array)
#15 {main}


2019-10-16 00:35:57 Error: [Cake\Database\Exception] SQLSTATE[42S02]: Base table or view not found: 1146 Table 'resto_menu.menu' doesn't exist in F:\uniserver\UniServerZ\www\phptp1\vendor\cakephp\cakephp\src\Database\Schema\Collection.php on line 133
Stack Trace:
#0 F:\uniserver\UniServerZ\www\phptp1\vendor\cakephp\cakephp\src\Database\Schema\Collection.php(99): Cake\Database\Schema\Collection->_reflect('Column', 'menu', Array, Object(Cake\Database\Schema\TableSchema))
#1 F:\uniserver\UniServerZ\www\phptp1\vendor\cakephp\cakephp\src\Database\Schema\CachedCollection.php(63): Cake\Database\Schema\Collection->describe('menu', Array)
#2 F:\uniserver\UniServerZ\www\phptp1\vendor\cakephp\cakephp\src\ORM\Table.php(560): Cake\Database\Schema\CachedCollection->describe('menu')
#3 F:\uniserver\UniServerZ\www\phptp1\vendor\cakephp\cakephp\src\ORM\Table.php(685): Cake\ORM\Table->getSchema()
#4 F:\uniserver\UniServerZ\www\phptp1\vendor\cakephp\bake\src\Shell\Task\ModelTask.php(221): Cake\ORM\Table->getPrimaryKey()
#5 F:\uniserver\UniServerZ\www\phptp1\vendor\cakephp\bake\src\Shell\Task\ModelTask.php(131): Bake\Shell\Task\ModelTask->getAssociations(Object(Cake\ORM\Table))
#6 F:\uniserver\UniServerZ\www\phptp1\vendor\cakephp\bake\src\Shell\Task\ModelTask.php(114): Bake\Shell\Task\ModelTask->getTableContext(Object(Cake\ORM\Table), 'menu', 'Menu')
#7 F:\uniserver\UniServerZ\www\phptp1\vendor\cakephp\bake\src\Shell\Task\ModelTask.php(101): Bake\Shell\Task\ModelTask->bake('Menu')
#8 F:\uniserver\UniServerZ\www\phptp1\vendor\cakephp\cakephp\src\Console\Shell.php(532): Bake\Shell\Task\ModelTask->main('menu')
#9 F:\uniserver\UniServerZ\www\phptp1\vendor\cakephp\cakephp\src\Console\Shell.php(525): Cake\Console\Shell->runCommand(Array, false, Array)
#10 F:\uniserver\UniServerZ\www\phptp1\vendor\cakephp\cakephp\src\Console\CommandRunner.php(384): Cake\Console\Shell->runCommand(Array, true)
#11 F:\uniserver\UniServerZ\www\phptp1\vendor\cakephp\cakephp\src\Console\CommandRunner.php(162): Cake\Console\CommandRunner->runShell(Object(Bake\Shell\BakeShell), Array)
#12 F:\uniserver\UniServerZ\www\phptp1\bin\cake.php(12): Cake\Console\CommandRunner->run(Array)
#13 {main}


Caused by: [PDOException] SQLSTATE[42S02]: Base table or view not found: 1146 Table 'resto_menu.menu' doesn't exist in F:\uniserver\UniServerZ\www\phptp1\vendor\cakephp\cakephp\src\Database\Statement\MysqlStatement.php on line 39
Stack Trace:
#0 F:\uniserver\UniServerZ\www\phptp1\vendor\cakephp\cakephp\src\Database\Statement\MysqlStatement.php(39): PDOStatement->execute(NULL)
#1 F:\uniserver\UniServerZ\www\phptp1\vendor\cakephp\cakephp\src\Database\Connection.php(350): Cake\Database\Statement\MysqlStatement->execute()
#2 F:\uniserver\UniServerZ\www\phptp1\vendor\cakephp\cakephp\src\Core\Retry\CommandRetry.php(68): Cake\Database\Connection->Cake\Database\{closure}()
#3 F:\uniserver\UniServerZ\www\phptp1\vendor\cakephp\cakephp\src\Database\Connection.php(353): Cake\Core\Retry\CommandRetry->run(Object(Closure))
#4 F:\uniserver\UniServerZ\www\phptp1\vendor\cakephp\cakephp\src\Database\Connection.php(302): Cake\Database\Connection->query('SHOW FULL COLUM...')
#5 F:\uniserver\UniServerZ\www\phptp1\vendor\cakephp\cakephp\src\Core\Retry\CommandRetry.php(68): Cake\Database\Connection->Cake\Database\{closure}()
#6 F:\uniserver\UniServerZ\www\phptp1\vendor\cakephp\cakephp\src\Database\Connection.php(306): Cake\Core\Retry\CommandRetry->run(Object(Closure))
#7 F:\uniserver\UniServerZ\www\phptp1\vendor\cakephp\cakephp\src\Database\Schema\Collection.php(131): Cake\Database\Connection->execute('SHOW FULL COLUM...', Array)
#8 F:\uniserver\UniServerZ\www\phptp1\vendor\cakephp\cakephp\src\Database\Schema\Collection.php(99): Cake\Database\Schema\Collection->_reflect('Column', 'menu', Array, Object(Cake\Database\Schema\TableSchema))
#9 F:\uniserver\UniServerZ\www\phptp1\vendor\cakephp\cakephp\src\Database\Schema\CachedCollection.php(63): Cake\Database\Schema\Collection->describe('menu', Array)
#10 F:\uniserver\UniServerZ\www\phptp1\vendor\cakephp\cakephp\src\ORM\Table.php(560): Cake\Database\Schema\CachedCollection->describe('menu')
#11 F:\uniserver\UniServerZ\www\phptp1\vendor\cakephp\cakephp\src\ORM\Table.php(685): Cake\ORM\Table->getSchema()
#12 F:\uniserver\UniServerZ\www\phptp1\vendor\cakephp\bake\src\Shell\Task\ModelTask.php(221): Cake\ORM\Table->getPrimaryKey()
#13 F:\uniserver\UniServerZ\www\phptp1\vendor\cakephp\bake\src\Shell\Task\ModelTask.php(131): Bake\Shell\Task\ModelTask->getAssociations(Object(Cake\ORM\Table))
#14 F:\uniserver\UniServerZ\www\phptp1\vendor\cakephp\bake\src\Shell\Task\ModelTask.php(114): Bake\Shell\Task\ModelTask->getTableContext(Object(Cake\ORM\Table), 'menu', 'Menu')
#15 F:\uniserver\UniServerZ\www\phptp1\vendor\cakephp\bake\src\Shell\Task\ModelTask.php(101): Bake\Shell\Task\ModelTask->bake('Menu')
#16 F:\uniserver\UniServerZ\www\phptp1\vendor\cakephp\cakephp\src\Console\Shell.php(532): Bake\Shell\Task\ModelTask->main('menu')
#17 F:\uniserver\UniServerZ\www\phptp1\vendor\cakephp\cakephp\src\Console\Shell.php(525): Cake\Console\Shell->runCommand(Array, false, Array)
#18 F:\uniserver\UniServerZ\www\phptp1\vendor\cakephp\cakephp\src\Console\CommandRunner.php(384): Cake\Console\Shell->runCommand(Array, true)
#19 F:\uniserver\UniServerZ\www\phptp1\vendor\cakephp\cakephp\src\Console\CommandRunner.php(162): Cake\Console\CommandRunner->runShell(Object(Bake\Shell\BakeShell), Array)
#20 F:\uniserver\UniServerZ\www\phptp1\bin\cake.php(12): Cake\Console\CommandRunner->run(Array)
#21 {main}


